<?xml version="1.0" encoding="UTF-8"?>
<!-- Generated by org.testng.reporters.JUnitReportReporter -->
<testsuite hostname="MMDCNV9D2L141" failures="0" tests="9" name="scriptRunner.externalLoginAPIRunner" time="9.383" errors="0" timestamp="2025-07-09T12:18:01 IST" skipped="0">
  <testcase classname="scriptRunner.externalLoginAPIRunner" name="runScenario" time="1.727"/>
  <testcase classname="scriptRunner.externalLoginAPIRunner" name="runScenario" time="2.553"/>
  <testcase classname="scriptRunner.externalLoginAPIRunner" name="runScenario" time="0.495"/>
  <testcase classname="scriptRunner.externalLoginAPIRunner" name="runScenario" time="0.711"/>
  <testcase classname="scriptRunner.externalLoginAPIRunner" name="runScenario" time="0.617"/>
  <testcase classname="scriptRunner.externalLoginAPIRunner" name="runScenario" time="0.415"/>
  <testcase classname="scriptRunner.externalLoginAPIRunner" name="runScenario" time="1.233"/>
  <testcase classname="scriptRunner.externalLoginAPIRunner" name="runScenario" time="0.709"/>
  <testcase classname="scriptRunner.externalLoginAPIRunner" name="runScenario" time="0.923"/>
</testsuite> <!-- scriptRunner.externalLoginAPIRunner -->
