<?xml version="1.0" encoding="UTF-8"?>
<!-- Generated by org.testng.reporters.JUnitReportReporter -->
<testsuite hostname="MMDCNV9D2L141" failures="0" tests="6" name="scriptRunner.vasUpselAPIRunner" time="17.867" errors="0" timestamp="2025-07-09T12:18:01 IST" skipped="0">
  <testcase classname="scriptRunner.vasUpselAPIRunner" name="runScenario" time="4.574"/>
  <testcase classname="scriptRunner.vasUpselAPIRunner" name="runScenario" time="2.458"/>
  <testcase classname="scriptRunner.vasUpselAPIRunner" name="runScenario" time="2.439"/>
  <testcase classname="scriptRunner.vasUpselAPIRunner" name="runScenario" time="4.979"/>
  <testcase classname="scriptRunner.vasUpselAPIRunner" name="runScenario" time="0.351"/>
  <testcase classname="scriptRunner.vasUpselAPIRunner" name="runScenario" time="3.066"/>
</testsuite> <!-- scriptRunner.vasUpselAPIRunner -->
