<?xml version="1.0" encoding="UTF-8"?>
<!-- Generated by org.testng.reporters.JUnitReportReporter -->
<testsuite hostname="MMDCNV9D2L141" failures="0" tests="4" name="scriptRunner.notificationAPIRunner" time="8.701" errors="0" timestamp="2025-07-09T12:18:01 IST" skipped="0">
  <testcase classname="scriptRunner.notificationAPIRunner" name="runScenario" time="1.590"/>
  <testcase classname="scriptRunner.notificationAPIRunner" name="runScenario" time="1.243"/>
  <testcase classname="scriptRunner.notificationAPIRunner" name="runScenario" time="3.522"/>
  <testcase classname="scriptRunner.notificationAPIRunner" name="runScenario" time="2.346"/>
</testsuite> <!-- scriptRunner.notificationAPIRunner -->
